<?xml version="1.0" encoding="UTF-8"?>
<!-- Generated by org.testng.reporters.JUnitReportReporter -->
<testsuite hostname="DEEPTHI" failures="0" tests="1" name="tests.TwoTest" time="4.108" errors="0" timestamp="2024-02-09T18:16:54 CST" skipped="0">
  <testcase classname="tests.TwoTest" name="testtwo" time="4.108"/>
</testsuite> <!-- tests.TwoTest -->
