<?xml version="1.0" encoding="UTF-8"?>
<!-- Generated by org.testng.reporters.JUnitReportReporter -->
<testsuite hostname="DEEPTHI" failures="0" tests="1" name="tests.LoginPage" time="25.331" errors="0" timestamp="2024-02-07T20:37:27 CST" skipped="0">
  <testcase classname="tests.LoginPage" name="login" time="25.331"/>
</testsuite> <!-- tests.LoginPage -->
