<?xml version="1.0" encoding="UTF-8"?>
<!-- Generated by org.testng.reporters.JUnitReportReporter -->
<testsuite hostname="DEEPTHI" failures="0" tests="2" name="tests.LoginTest" time="20.888" errors="0" timestamp="2024-02-09T18:16:54 CST" skipped="0">
  <testcase classname="tests.LoginTest" name="login" time="6.149"/>
  <testcase classname="tests.LoginTest" name="login" time="14.739"/>
</testsuite> <!-- tests.LoginTest -->
