<?xml version="1.0" encoding="UTF-8"?>
<!-- Generated by org.testng.reporters.JUnitReportReporter -->
<testsuite hostname="DEEPTHI" failures="0" tests="2" name="tests.LoginTest" time="21.662" errors="0" timestamp="2024-02-08T10:16:44 CST" skipped="0">
  <testcase classname="tests.LoginTest" name="login" time="5.312"/>
  <testcase classname="tests.LoginTest" name="login" time="16.350"/>
</testsuite> <!-- tests.LoginTest -->
