<?xml version="1.0" encoding="UTF-8"?>
<!-- Generated by org.testng.reporters.JUnitReportReporter -->
<testsuite hostname="DEEPTHI" failures="0" tests="1" name="tests.TestTwo" time="0.000" errors="0" timestamp="2024-02-08T10:16:44 CST" skipped="0">
  <testcase classname="tests.TestTwo" name="testtwo" time="0.000"/>
</testsuite> <!-- tests.TestTwo -->
